<?xml version="1.0" encoding="UTF-8"?>
<testsuite xmlns:xsi="http://www.w3.org/2001/XMLSchema-instance" xsi:noNamespaceSchemaLocation="https://maven.apache.org/surefire/maven-surefire-plugin/xsd/surefire-test-report-3.0.xsd" version="3.0" name="com.fincore.infrastructure.OperationalHealthIntegrationTest" time="39.973" tests="1" errors="0" skipped="0" failures="0">
  <properties>
[...]
</properties>
  <testcase name="health_endpoints_are_exposed_and_up" classname="com.fincore.infrastructure.OperationalHealthIntegrationTest" time="3.09">
    <system-out><![CDATA[17:02:41.961 [main] INFO org.springframework.test.context.support.AnnotationConfigContextLoaderUtils -- Could not detect default configuration classes for test class [com.fincore.infrastructure.OperationalHealthIntegrationTest]: OperationalHealthIntegrationTest does not declare any static, non-private, non-final, nested classes annotated with @Configuration.
17:02:42.157 [main] INFO org.springframework.boot.test.context.SpringBootTestContextBootstrapper -- Found @SpringBootConfiguration com.fincore.infrastructure.FincoreApplication for test class com.fincore.infrastructure.OperationalHealthIntegrationTest
17:02:42.586 [main] INFO org.testcontainers.images.PullPolicy -- Image pull policy will be performed by: DefaultPullPolicy()
17:02:42.595 [main] INFO org.testcontainers.utility.ImageNameSubstitutor -- Image name substitution will be performed by: DefaultImageNameSubstitutor (composite of 'ConfigurationFileImageNameSubstitutor' and 'PrefixingImageNameSubstitutor')
17:02:43.126 [main] INFO org.testcontainers.dockerclient.DockerClientProviderStrategy -- Loaded org.testcontainers.dockerclient.NpipeSocketClientProviderStrategy from ~/.testcontainers.properties, will try it first
17:02:43.748 [main] INFO org.testcontainers.dockerclient.DockerClientProviderStrategy -- Found Docker environment with local Npipe socket (npipe:////./pipe/docker_engine)
17:02:43.750 [main] INFO org.testcontainers.DockerClientFactory -- Docker host IP address is localhost
17:02:43.778 [main] INFO org.testcontainers.DockerClientFactory -- Connected to docker: 
  Server Version: 28.5.1
  API Version: 1.51
  Operating System: Docker Desktop
  Total Memory: 3759 MB
17:02:44.020 [main] INFO tc.testcontainers/ryuk:0.7.0 -- Creating container for image: testcontainers/ryuk:0.7.0
17:02:44.549 [main] INFO org.testcontainers.utility.RegistryAuthLocator -- Credential helper/store (docker-credential-desktop) does not have credentials for https://index.docker.io/v1/
17:02:44.841 [main] INFO tc.testcontainers/ryuk:0.7.0 -- Container testcontainers/ryuk:0.7.0 is starting: a19d1241649622b0f3bdc68b496f54569b8df2c38bbcee145a8b8618d2835456
17:02:45.765 [main] INFO tc.testcontainers/ryuk:0.7.0 -- Container testcontainers/ryuk:0.7.0 started in PT1.7454409S
17:02:45.789 [main] INFO org.testcontainers.utility.RyukResourceReaper -- Ryuk started - will monitor and terminate Testcontainers containers on JVM exit
17:02:45.789 [main] INFO org.testcontainers.DockerClientFactory -- Checking the system...
17:02:45.790 [main] INFO org.testcontainers.DockerClientFactory -- ✔︎ Docker server version should be at least 1.6.0
17:02:45.791 [main] INFO tc.confluentinc/cp-kafka:7.6.1 -- Creating container for image: confluentinc/cp-kafka:7.6.1
17:02:45.912 [main] INFO tc.confluentinc/cp-kafka:7.6.1 -- Container confluentinc/cp-kafka:7.6.1 is starting: 5fa0693228d2bec0c02424b27ba43586a0084f217a0d01b2cf2211ad4f93263e
17:02:55.665 [main] INFO tc.confluentinc/cp-kafka:7.6.1 -- Container confluentinc/cp-kafka:7.6.1 started in PT9.8732869S
17:02:55.666 [main] INFO tc.postgres:13.10-alpine -- Creating container for image: postgres:13.10-alpine
17:02:55.840 [main] INFO tc.postgres:13.10-alpine -- Container postgres:13.10-alpine is starting: 6637a84542caf31caedeccc8968d4c6caf7956cb32740e2e8f8a6374cd4ed978
17:02:58.861 [main] INFO tc.postgres:13.10-alpine -- Container postgres:13.10-alpine started in PT3.1951003S
17:02:58.863 [main] INFO tc.postgres:13.10-alpine -- Container is started (JDBC URL: jdbc:postgresql://localhost:54731/fincore?loggerLevel=OFF)

  .   ____          _            __ _ _
 /\\ / ___'_ __ _ _(_)_ __  __ _ \ \ \ \
( ( )\___ | '_ | '_| | '_ \/ _` | \ \ \ \
 \\/  ___)| |_)| | | | | || (_| |  ) ) ) )
  '  |____| .__|_| |_|_| |_\__, | / / / /
 =========|_|==============|___/=/_/_/_/

 :: Spring Boot ::                (v3.3.4)

2026-03-17T17:02:59.655-03:00 INFO  [main] c.f.i.OperationalHealthIntegrationTest - Starting OperationalHealthIntegrationTest using Java 21.0.10 with PID 30796 (started by vitor in C:\Users\vitor\OneDrive\Documentos\Playground\fincore\infrastructure) 
2026-03-17T17:02:59.658-03:00 INFO  [main] c.f.i.OperationalHealthIntegrationTest - No active profile set, falling back to 1 default profile: "local" 
2026-03-17T17:03:02.690-03:00 INFO  [main] o.s.d.r.c.RepositoryConfigurationDelegate - Bootstrapping Spring Data JPA repositories in DEFAULT mode. 
2026-03-17T17:03:02.844-03:00 INFO  [main] o.s.d.r.c.RepositoryConfigurationDelegate - Finished Spring Data repository scanning in 137 ms. Found 6 JPA repository interfaces. 
2026-03-17T17:03:05.192-03:00 INFO  [main] o.s.b.w.e.tomcat.TomcatWebServer - Tomcat initialized with port 0 (http) 
2026-03-17T17:03:05.247-03:00 INFO  [main] o.a.catalina.core.StandardService - Starting service [Tomcat] 
2026-03-17T17:03:05.248-03:00 INFO  [main] o.a.catalina.core.StandardEngine - Starting Servlet engine: [Apache Tomcat/10.1.30] 
2026-03-17T17:03:05.474-03:00 INFO  [main] o.a.c.c.C.[Tomcat].[localhost].[/] - Initializing Spring embedded WebApplicationContext 
2026-03-17T17:03:05.477-03:00 INFO  [main] o.s.b.w.s.c.ServletWebServerApplicationContext - Root WebApplicationContext: initialization completed in 5773 ms 
2026-03-17T17:03:07.379-03:00 INFO  [main] com.zaxxer.hikari.HikariDataSource - HikariPool-1 - Starting... 
2026-03-17T17:03:07.640-03:00 INFO  [main] com.zaxxer.hikari.pool.HikariPool - HikariPool-1 - Added connection org.postgresql.jdbc.PgConnection@14d6ede3 
2026-03-17T17:03:07.645-03:00 INFO  [main] com.zaxxer.hikari.HikariDataSource - HikariPool-1 - Start completed. 
2026-03-17T17:03:07.705-03:00 INFO  [main] org.flywaydb.core.FlywayExecutor - Database: jdbc:postgresql://localhost:54731/fincore (PostgreSQL 13.10) 
2026-03-17T17:03:07.766-03:00 INFO  [main] o.f.c.i.s.JdbcTableSchemaHistory - Schema history table "public"."flyway_schema_history" does not exist yet 
2026-03-17T17:03:07.773-03:00 INFO  [main] o.f.core.internal.command.DbValidate - Successfully validated 4 migrations (execution time 00:00.035s) 
2026-03-17T17:03:07.810-03:00 INFO  [main] o.f.c.i.s.JdbcTableSchemaHistory - Creating Schema History table "public"."flyway_schema_history" ... 
2026-03-17T17:03:07.896-03:00 INFO  [main] o.f.core.internal.command.DbMigrate - Current version of schema "public": << Empty Schema >> 
2026-03-17T17:03:07.919-03:00 INFO  [main] o.f.core.internal.command.DbMigrate - Migrating schema "public" to version "1 - init" 
2026-03-17T17:03:08.019-03:00 INFO  [main] o.f.core.internal.command.DbMigrate - Migrating schema "public" to version "2 - processed events" 
2026-03-17T17:03:08.072-03:00 INFO  [main] o.f.core.internal.command.DbMigrate - Migrating schema "public" to version "3 - outbox correlation id" 
2026-03-17T17:03:08.116-03:00 INFO  [main] o.f.core.internal.command.DbMigrate - Migrating schema "public" to version "4 - audit logs" 
2026-03-17T17:03:08.165-03:00 INFO  [main] o.f.core.internal.command.DbMigrate - Successfully applied 4 migrations to schema "public", now at version v4 (execution time 00:00.102s) 
2026-03-17T17:03:08.405-03:00 INFO  [main] o.h.jpa.internal.util.LogHelper - HHH000204: Processing PersistenceUnitInfo [name: default] 
2026-03-17T17:03:08.592-03:00 INFO  [main] org.hibernate.Version - HHH000412: Hibernate ORM core version 6.5.3.Final 
2026-03-17T17:03:08.697-03:00 INFO  [main] o.h.c.i.RegionFactoryInitiator - HHH000026: Second-level cache disabled 
2026-03-17T17:03:09.322-03:00 INFO  [main] o.s.o.j.p.SpringPersistenceUnitInfo - No LoadTimeWeaver setup: ignoring JPA class transformer 
2026-03-17T17:03:10.924-03:00 INFO  [main] o.h.e.t.j.p.i.JtaPlatformInitiator - HHH000489: No JTA platform available (set 'hibernate.transaction.jta.platform' to enable JTA platform integration) 
2026-03-17T17:03:10.993-03:00 INFO  [main] o.s.o.j.LocalContainerEntityManagerFactoryBean - Initialized JPA EntityManagerFactory for persistence unit 'default' 
2026-03-17T17:03:11.712-03:00 INFO  [main] o.s.d.j.r.query.QueryEnhancerFactory - Hibernate is in classpath; If applicable, HQL parser will be used. 
2026-03-17T17:03:14.110-03:00 INFO  [main] o.s.s.c.a.a.c.InitializeUserDetailsBeanManagerConfigurer$InitializeUserDetailsManagerConfigurer - Global AuthenticationManager configured with UserDetailsService bean with name userDetailsService 
2026-03-17T17:03:15.087-03:00 INFO  [main] o.s.b.a.e.web.EndpointLinksResolver - Exposing 2 endpoints beneath base path '/actuator' 
2026-03-17T17:03:16.693-03:00 INFO  [main] o.s.b.w.e.tomcat.TomcatWebServer - Tomcat started on port 62311 (http) with context path '/' 
2026-03-17T17:03:16.714-03:00 INFO  [main] c.f.i.OperationalHealthIntegrationTest - Started OperationalHealthIntegrationTest in 17.79 seconds (process running for 36.407) 
2026-03-17T17:03:18.327-03:00 INFO  [http-nio-auto-1-exec-1] o.a.c.c.C.[Tomcat].[localhost].[/] - Initializing Spring DispatcherServlet 'dispatcherServlet' 
2026-03-17T17:03:18.328-03:00 INFO  [http-nio-auto-1-exec-1] o.s.web.servlet.DispatcherServlet - Initializing Servlet 'dispatcherServlet' 
2026-03-17T17:03:18.331-03:00 INFO  [http-nio-auto-1-exec-1] o.s.web.servlet.DispatcherServlet - Completed initialization in 3 ms 
2026-03-17T17:03:18.584-03:00 INFO  [http-nio-auto-1-exec-1] o.a.k.c.admin.AdminClientConfig - AdminClientConfig values: 
	auto.include.jmx.reporter = true
	bootstrap.controllers = []
	bootstrap.servers = [PLAINTEXT://localhost:58952]
	client.dns.lookup = use_all_dns_ips
	client.id = 
	connections.max.idle.ms = 300000
	default.api.timeout.ms = 60000
	enable.metrics.push = true
	metadata.max.age.ms = 300000
	metric.reporters = []
	metrics.num.samples = 2
	metrics.recording.level = INFO
	metrics.sample.window.ms = 30000
	receive.buffer.bytes = 65536
	reconnect.backoff.max.ms = 1000
	reconnect.backoff.ms = 50
	request.timeout.ms = 30000
	retries = 2147483647
	retry.backoff.max.ms = 1000
	retry.backoff.ms = 100
	sasl.client.callback.handler.class = null
	sasl.jaas.config = null
	sasl.kerberos.kinit.cmd = /usr/bin/kinit
	sasl.kerberos.min.time.before.relogin = 60000
	sasl.kerberos.service.name = null
	sasl.kerberos.ticket.renew.jitter = 0.05
	sasl.kerberos.ticket.renew.window.factor = 0.8
	sasl.login.callback.handler.class = null
	sasl.login.class = null
	sasl.login.connect.timeout.ms = null
	sasl.login.read.timeout.ms = null
	sasl.login.refresh.buffer.seconds = 300
	sasl.login.refresh.min.period.seconds = 60
	sasl.login.refresh.window.factor = 0.8
	sasl.login.refresh.window.jitter = 0.05
	sasl.login.retry.backoff.max.ms = 10000
	sasl.login.retry.backoff.ms = 100
	sasl.mechanism = GSSAPI
	sasl.oauthbearer.clock.skew.seconds = 30
	sasl.oauthbearer.expected.audience = null
	sasl.oauthbearer.expected.issuer = null
	sasl.oauthbearer.jwks.endpoint.refresh.ms = 3600000
	sasl.oauthbearer.jwks.endpoint.retry.backoff.max.ms = 10000
	sasl.oauthbearer.jwks.endpoint.retry.backoff.ms = 100
	sasl.oauthbearer.jwks.endpoint.url = null
	sasl.oauthbearer.scope.claim.name = scope
	sasl.oauthbearer.sub.claim.name = sub
	sasl.oauthbearer.token.endpoint.url = null
	security.protocol = PLAINTEXT
	security.providers = null
	send.buffer.bytes = 131072
	socket.connection.setup.timeout.max.ms = 30000
	socket.connection.setup.timeout.ms = 10000
	ssl.cipher.suites = null
	ssl.enabled.protocols = [TLSv1.2, TLSv1.3]
	ssl.endpoint.identification.algorithm = https
	ssl.engine.factory.class = null
	ssl.key.password = null
	ssl.keymanager.algorithm = SunX509
	ssl.keystore.certificate.chain = null
	ssl.keystore.key = null
	ssl.keystore.location = null
	ssl.keystore.password = null
	ssl.keystore.type = JKS
	ssl.protocol = TLSv1.3
	ssl.provider = null
	ssl.secure.random.implementation = null
	ssl.trustmanager.algorithm = PKIX
	ssl.truststore.certificates = null
	ssl.truststore.location = null
	ssl.truststore.password = null
	ssl.truststore.type = JKS
 
2026-03-17T17:03:18.767-03:00 INFO  [http-nio-auto-1-exec-1] o.a.kafka.common.utils.AppInfoParser - Kafka version: 3.7.1 
2026-03-17T17:03:18.767-03:00 INFO  [http-nio-auto-1-exec-1] o.a.kafka.common.utils.AppInfoParser - Kafka commitId: e2494e6ffb89f828 
2026-03-17T17:03:18.767-03:00 INFO  [http-nio-auto-1-exec-1] o.a.kafka.common.utils.AppInfoParser - Kafka startTimeMs: 1773777798763 
2026-03-17T17:03:19.616-03:00 INFO  [kafka-admin-client-thread | adminclient-1] o.a.kafka.common.utils.AppInfoParser - App info kafka.admin.client for adminclient-1 unregistered 
2026-03-17T17:03:19.628-03:00 INFO  [kafka-admin-client-thread | adminclient-1] o.a.kafka.common.metrics.Metrics - Metrics scheduler closed 
2026-03-17T17:03:19.628-03:00 INFO  [kafka-admin-client-thread | adminclient-1] o.a.kafka.common.metrics.Metrics - Closing reporter org.apache.kafka.common.metrics.JmxReporter 
2026-03-17T17:03:19.629-03:00 INFO  [kafka-admin-client-thread | adminclient-1] o.a.kafka.common.metrics.Metrics - Metrics reporters closed 
2026-03-17T17:03:19.730-03:00 INFO  [http-nio-auto-1-exec-2] o.a.k.c.admin.AdminClientConfig - AdminClientConfig values: 
	auto.include.jmx.reporter = true
	bootstrap.controllers = []
	bootstrap.servers = [PLAINTEXT://localhost:58952]
	client.dns.lookup = use_all_dns_ips
	client.id = 
	connections.max.idle.ms = 300000
	default.api.timeout.ms = 60000
	enable.metrics.push = true
	metadata.max.age.ms = 300000
	metric.reporters = []
	metrics.num.samples = 2
	metrics.recording.level = INFO
	metrics.sample.window.ms = 30000
	receive.buffer.bytes = 65536
	reconnect.backoff.max.ms = 1000
	reconnect.backoff.ms = 50
	request.timeout.ms = 30000
	retries = 2147483647
	retry.backoff.max.ms = 1000
	retry.backoff.ms = 100
	sasl.client.callback.handler.class = null
	sasl.jaas.config = null
	sasl.kerberos.kinit.cmd = /usr/bin/kinit
	sasl.kerberos.min.time.before.relogin = 60000
	sasl.kerberos.service.name = null
	sasl.kerberos.ticket.renew.jitter = 0.05
	sasl.kerberos.ticket.renew.window.factor = 0.8
	sasl.login.callback.handler.class = null
	sasl.login.class = null
	sasl.login.connect.timeout.ms = null
	sasl.login.read.timeout.ms = null
	sasl.login.refresh.buffer.seconds = 300
	sasl.login.refresh.min.period.seconds = 60
	sasl.login.refresh.window.factor = 0.8
	sasl.login.refresh.window.jitter = 0.05
	sasl.login.retry.backoff.max.ms = 10000
	sasl.login.retry.backoff.ms = 100
	sasl.mechanism = GSSAPI
	sasl.oauthbearer.clock.skew.seconds = 30
	sasl.oauthbearer.expected.audience = null
	sasl.oauthbearer.expected.issuer = null
	sasl.oauthbearer.jwks.endpoint.refresh.ms = 3600000
	sasl.oauthbearer.jwks.endpoint.retry.backoff.max.ms = 10000
	sasl.oauthbearer.jwks.endpoint.retry.backoff.ms = 100
	sasl.oauthbearer.jwks.endpoint.url = null
	sasl.oauthbearer.scope.claim.name = scope
	sasl.oauthbearer.sub.claim.name = sub
	sasl.oauthbearer.token.endpoint.url = null
	security.protocol = PLAINTEXT
	security.providers = null
	send.buffer.bytes = 131072
	socket.connection.setup.timeout.max.ms = 30000
	socket.connection.setup.timeout.ms = 10000
	ssl.cipher.suites = null
	ssl.enabled.protocols = [TLSv1.2, TLSv1.3]
	ssl.endpoint.identification.algorithm = https
	ssl.engine.factory.class = null
	ssl.key.password = null
	ssl.keymanager.algorithm = SunX509
	ssl.keystore.certificate.chain = null
	ssl.keystore.key = null
	ssl.keystore.location = null
	ssl.keystore.password = null
	ssl.keystore.type = JKS
	ssl.protocol = TLSv1.3
	ssl.provider = null
	ssl.secure.random.implementation = null
	ssl.trustmanager.algorithm = PKIX
	ssl.truststore.certificates = null
	ssl.truststore.location = null
	ssl.truststore.password = null
	ssl.truststore.type = JKS
 
2026-03-17T17:03:19.744-03:00 INFO  [http-nio-auto-1-exec-2] o.a.kafka.common.utils.AppInfoParser - Kafka version: 3.7.1 
2026-03-17T17:03:19.745-03:00 INFO  [http-nio-auto-1-exec-2] o.a.kafka.common.utils.AppInfoParser - Kafka commitId: e2494e6ffb89f828 
2026-03-17T17:03:19.746-03:00 INFO  [http-nio-auto-1-exec-2] o.a.kafka.common.utils.AppInfoParser - Kafka startTimeMs: 1773777799744 
2026-03-17T17:03:19.787-03:00 INFO  [kafka-admin-client-thread | adminclient-2] o.a.kafka.common.utils.AppInfoParser - App info kafka.admin.client for adminclient-2 unregistered 
2026-03-17T17:03:19.792-03:00 INFO  [kafka-admin-client-thread | adminclient-2] o.a.kafka.common.metrics.Metrics - Metrics scheduler closed 
2026-03-17T17:03:19.792-03:00 INFO  [kafka-admin-client-thread | adminclient-2] o.a.kafka.common.metrics.Metrics - Closing reporter org.apache.kafka.common.metrics.JmxReporter 
2026-03-17T17:03:19.792-03:00 INFO  [kafka-admin-client-thread | adminclient-2] o.a.kafka.common.metrics.Metrics - Metrics reporters closed 
]]></system-out>
    <system-err><![CDATA[WARNING: A Java agent has been loaded dynamically (C:\Users\vitor\.m2\repository\net\bytebuddy\byte-buddy-agent\1.14.19\byte-buddy-agent-1.14.19.jar)
WARNING: If a serviceability tool is in use, please run with -XX:+EnableDynamicAgentLoading to hide this warning
WARNING: If a serviceability tool is not in use, please run with -Djdk.instrument.traceUsage for more information
WARNING: Dynamic loading of agents will be disallowed by default in a future release
]]></system-err>
  </testcase>
</testsuite>