<?xml version="1.0" encoding="UTF-8"?>
<testsuite xmlns:xsi="http://www.w3.org/2001/XMLSchema-instance" xsi:noNamespaceSchemaLocation="https://maven.apache.org/surefire/maven-surefire-plugin/xsd/surefire-test-report-3.0.xsd" version="3.0" name="com.fincore.infrastructure.TransactionCompletedConsumerIntegrationTest" time="8.147" tests="2" errors="0" skipped="0" failures="0">
  <properties>
[...]
</properties>
  <testcase name="retry_after_post_commit_failure_does_not_duplicate_processing" classname="com.fincore.infrastructure.TransactionCompletedConsumerIntegrationTest" time="0.284">
    <system-out><![CDATA[2026-03-17T17:03:56.679-03:00 INFO  [main] o.s.b.t.c.SpringBootTestContextBootstrapper - Found @SpringBootConfiguration com.fincore.infrastructure.FincoreApplication for test class com.fincore.infrastructure.TransactionCompletedConsumerIntegrationTest 
2026-03-17T17:03:56.688-03:00 INFO  [main] tc.postgres:13.10-alpine - Creating container for image: postgres:13.10-alpine 
2026-03-17T17:03:56.873-03:00 INFO  [main] tc.postgres:13.10-alpine - Container postgres:13.10-alpine is starting: 23cfd3e4d43fa02e6bc18e393fffe6592d7e0bc16c840b1b2a7a2b2ef89b7a4e 
2026-03-17T17:04:00.658-03:00 INFO  [main] tc.postgres:13.10-alpine - Container postgres:13.10-alpine started in PT3.9706497S 
2026-03-17T17:04:00.659-03:00 INFO  [main] tc.postgres:13.10-alpine - Container is started (JDBC URL: jdbc:postgresql://localhost:52809/fincore?loggerLevel=OFF) 

  .   ____          _            __ _ _
 /\\ / ___'_ __ _ _(_)_ __  __ _ \ \ \ \
( ( )\___ | '_ | '_| | '_ \/ _` | \ \ \ \
 \\/  ___)| |_)| | | | | || (_| |  ) ) ) )
  '  |____| .__|_| |_|_| |_\__, | / / / /
 =========|_|==============|___/=/_/_/_/

 :: Spring Boot ::                (v3.3.4)

2026-03-17T17:04:00.716-03:00 INFO  [main] c.f.i.TransactionCompletedConsumerIntegrationTest - Starting TransactionCompletedConsumerIntegrationTest using Java 21.0.10 with PID 30796 (started by vitor in C:\Users\vitor\OneDrive\Documentos\Playground\fincore\infrastructure) 
2026-03-17T17:04:00.717-03:00 INFO  [main] c.f.i.TransactionCompletedConsumerIntegrationTest - No active profile set, falling back to 1 default profile: "local" 
2026-03-17T17:04:01.607-03:00 INFO  [main] o.s.d.r.c.RepositoryConfigurationDelegate - Bootstrapping Spring Data JPA repositories in DEFAULT mode. 
2026-03-17T17:04:01.677-03:00 INFO  [main] o.s.d.r.c.RepositoryConfigurationDelegate - Finished Spring Data repository scanning in 68 ms. Found 6 JPA repository interfaces. 
2026-03-17T17:04:01.958-03:00 INFO  [main] com.zaxxer.hikari.HikariDataSource - HikariPool-4 - Starting... 
2026-03-17T17:04:02.007-03:00 INFO  [main] com.zaxxer.hikari.pool.HikariPool - HikariPool-4 - Added connection org.postgresql.jdbc.PgConnection@6add36 
2026-03-17T17:04:02.007-03:00 INFO  [main] com.zaxxer.hikari.HikariDataSource - HikariPool-4 - Start completed. 
2026-03-17T17:04:02.014-03:00 INFO  [main] org.flywaydb.core.FlywayExecutor - Database: jdbc:postgresql://localhost:52809/fincore (PostgreSQL 13.10) 
2026-03-17T17:04:02.058-03:00 INFO  [main] o.f.c.i.s.JdbcTableSchemaHistory - Schema history table "public"."flyway_schema_history" does not exist yet 
2026-03-17T17:04:02.060-03:00 INFO  [main] o.f.core.internal.command.DbValidate - Successfully validated 4 migrations (execution time 00:00.017s) 
2026-03-17T17:04:02.085-03:00 INFO  [main] o.f.c.i.s.JdbcTableSchemaHistory - Creating Schema History table "public"."flyway_schema_history" ... 
2026-03-17T17:04:02.128-03:00 INFO  [main] o.f.core.internal.command.DbMigrate - Current version of schema "public": << Empty Schema >> 
2026-03-17T17:04:02.141-03:00 INFO  [main] o.f.core.internal.command.DbMigrate - Migrating schema "public" to version "1 - init" 
2026-03-17T17:04:02.262-03:00 INFO  [main] o.f.core.internal.command.DbMigrate - Migrating schema "public" to version "2 - processed events" 
2026-03-17T17:04:02.317-03:00 INFO  [main] o.f.core.internal.command.DbMigrate - Migrating schema "public" to version "3 - outbox correlation id" 
2026-03-17T17:04:02.369-03:00 INFO  [main] o.f.core.internal.command.DbMigrate - Migrating schema "public" to version "4 - audit logs" 
2026-03-17T17:04:02.415-03:00 INFO  [main] o.f.core.internal.command.DbMigrate - Successfully applied 4 migrations to schema "public", now at version v4 (execution time 00:00.131s) 
2026-03-17T17:04:02.521-03:00 INFO  [main] o.h.jpa.internal.util.LogHelper - HHH000204: Processing PersistenceUnitInfo [name: default] 
2026-03-17T17:04:02.530-03:00 INFO  [main] o.h.c.i.RegionFactoryInitiator - HHH000026: Second-level cache disabled 
2026-03-17T17:04:02.567-03:00 INFO  [main] o.s.o.j.p.SpringPersistenceUnitInfo - No LoadTimeWeaver setup: ignoring JPA class transformer 
2026-03-17T17:04:02.773-03:00 INFO  [main] o.h.e.t.j.p.i.JtaPlatformInitiator - HHH000489: No JTA platform available (set 'hibernate.transaction.jta.platform' to enable JTA platform integration) 
2026-03-17T17:04:02.815-03:00 INFO  [main] o.s.o.j.LocalContainerEntityManagerFactoryBean - Initialized JPA EntityManagerFactory for persistence unit 'default' 
2026-03-17T17:04:03.210-03:00 INFO  [main] o.s.s.c.a.a.c.InitializeUserDetailsBeanManagerConfigurer$InitializeUserDetailsManagerConfigurer - Global AuthenticationManager configured with UserDetailsService bean with name userDetailsService 
2026-03-17T17:04:03.460-03:00 INFO  [main] o.s.b.a.e.web.EndpointLinksResolver - Exposing 2 endpoints beneath base path '/actuator' 
2026-03-17T17:04:03.914-03:00 INFO  [main] c.f.i.TransactionCompletedConsumerIntegrationTest - Started TransactionCompletedConsumerIntegrationTest in 3.25 seconds (process running for 83.607) 
2026-03-17T17:04:03.977-03:00 INFO  [main] c.f.i.service.TransferService - transfer.started correlation_id="d4d10e3a-9d73-4821-ae70-1208b0a08137" source_account_id="5a10908f-81ab-42f4-b3a6-18d28355a103" destination_account_id="3680c0b8-03c8-4020-9d54-1a160eb54644" amount="125" idempotency_key="consumer-e1772a5e-76ef-4b23-b2fb-0d7056309b78" transfer_status="STARTED"
2026-03-17T17:04:04.078-03:00 INFO  [main] c.f.i.service.TransferService - transfer.completed correlation_id="d4d10e3a-9d73-4821-ae70-1208b0a08137" transaction_id="53edbcb1-f6f3-4b85-8e1b-743f6aabec5e" source_account_id="5a10908f-81ab-42f4-b3a6-18d28355a103" destination_account_id="3680c0b8-03c8-4020-9d54-1a160eb54644" transfer_status="COMPLETED" idempotent_replay="false"
2026-03-17T17:04:04.109-03:00 INFO  [main] c.f.i.k.TransactionCompletedConsumer - transaction.completed.received correlation_id="d4d10e3a-9d73-4821-ae70-1208b0a08137" event_id="9c89f44c-a16e-4461-9a83-61e9007e9c7a" transaction_id="53edbcb1-f6f3-4b85-8e1b-743f6aabec5e" transfer_status="COMPLETED" deduplication_decision="PENDING"
2026-03-17T17:04:04.160-03:00 INFO  [main] c.f.i.k.TransactionCompletedConsumer - transaction.completed.handled correlation_id="d4d10e3a-9d73-4821-ae70-1208b0a08137" event_id="9c89f44c-a16e-4461-9a83-61e9007e9c7a" transaction_id="53edbcb1-f6f3-4b85-8e1b-743f6aabec5e" transfer_status="COMPLETED" deduplication_decision="PROCESSED"
2026-03-17T17:04:04.161-03:00 WARN  [main] c.f.i.k.TransactionCompletedConsumer - transaction.completed.failed correlation_id="d4d10e3a-9d73-4821-ae70-1208b0a08137" event_id="9c89f44c-a16e-4461-9a83-61e9007e9c7a" transaction_id="53edbcb1-f6f3-4b85-8e1b-743f6aabec5e" transfer_status="COMPLETED" deduplication_decision="FAILED"
java.lang.RuntimeException: simulated listener failure after commit
	at com.fincore.infrastructure.TransactionCompletedConsumerIntegrationTest$FailureInjectingHook.afterHandling(TransactionCompletedConsumerIntegrationTest.java:217)
	at com.fincore.infrastructure.kafka.TransactionCompletedConsumer.consume(TransactionCompletedConsumer.java:78)
	at com.fincore.infrastructure.TransactionCompletedConsumerIntegrationTest.consumeCompletedEvent(TransactionCompletedConsumerIntegrationTest.java:168)
	at com.fincore.infrastructure.TransactionCompletedConsumerIntegrationTest.lambda$retry_after_post_commit_failure_does_not_duplicate_processing$3(TransactionCompletedConsumerIntegrationTest.java:122)
	at org.assertj.core.api.ThrowableAssert.catchThrowable(ThrowableAssert.java:63)
	at org.assertj.core.api.AssertionsForClassTypes.catchThrowable(AssertionsForClassTypes.java:892)
	at org.assertj.core.api.Assertions.catchThrowable(Assertions.java:1365)
	at org.assertj.core.api.Assertions.assertThatThrownBy(Assertions.java:1209)
	at com.fincore.infrastructure.TransactionCompletedConsumerIntegrationTest.retry_after_post_commit_failure_does_not_duplicate_processing(TransactionCompletedConsumerIntegrationTest.java:122)
	at java.base/jdk.internal.reflect.DirectMethodHandleAccessor.invoke(DirectMethodHandleAccessor.java:103)
	at java.base/java.lang.reflect.Method.invoke(Method.java:580)
	at org.junit.platform.commons.util.ReflectionUtils.invokeMethod(ReflectionUtils.java:728)
	at org.junit.jupiter.engine.execution.MethodInvocation.proceed(MethodInvocation.java:60)
	at org.junit.jupiter.engine.execution.InvocationInterceptorChain$ValidatingInvocation.proceed(InvocationInterceptorChain.java:131)
	at org.junit.jupiter.engine.extension.TimeoutExtension.intercept(TimeoutExtension.java:156)
	at org.junit.jupiter.engine.extension.TimeoutExtension.interceptTestableMethod(TimeoutExtension.java:147)
	at org.junit.jupiter.engine.extension.TimeoutExtension.interceptTestMethod(TimeoutExtension.java:86)
	at org.junit.jupiter.engine.execution.InterceptingExecutableInvoker$ReflectiveInterceptorCall.lambda$ofVoidMethod$0(InterceptingExecutableInvoker.java:103)
	at org.junit.jupiter.engine.execution.InterceptingExecutableInvoker.lambda$invoke$0(InterceptingExecutableInvoker.java:93)
	at org.junit.jupiter.engine.execution.InvocationInterceptorChain$InterceptedInvocation.proceed(InvocationInterceptorChain.java:106)
	at org.junit.jupiter.engine.execution.InvocationInterceptorChain.proceed(InvocationInterceptorChain.java:64)
	at org.junit.jupiter.engine.execution.InvocationInterceptorChain.chainAndInvoke(InvocationInterceptorChain.java:45)
	at org.junit.jupiter.engine.execution.InvocationInterceptorChain.invoke(InvocationInterceptorChain.java:37)
	at org.junit.jupiter.engine.execution.InterceptingExecutableInvoker.invoke(InterceptingExecutableInvoker.java:92)
	at org.junit.jupiter.engine.execution.InterceptingExecutableInvoker.invoke(InterceptingExecutableInvoker.java:86)
	at org.junit.jupiter.engine.descriptor.TestMethodTestDescriptor.lambda$invokeTestMethod$7(TestMethodTestDescriptor.java:218)
	at org.junit.platform.engine.support.hierarchical.ThrowableCollector.execute(ThrowableCollector.java:73)
	at org.junit.jupiter.engine.descriptor.TestMethodTestDescriptor.invokeTestMethod(TestMethodTestDescriptor.java:214)
	at org.junit.jupiter.engine.descriptor.TestMethodTestDescriptor.execute(TestMethodTestDescriptor.java:139)
	at org.junit.jupiter.engine.descriptor.TestMethodTestDescriptor.execute(TestMethodTestDescriptor.java:69)
	at org.junit.platform.engine.support.hierarchical.NodeTestTask.lambda$executeRecursively$6(NodeTestTask.java:151)
	at org.junit.platform.engine.support.hierarchical.ThrowableCollector.execute(ThrowableCollector.java:73)
	at org.junit.platform.engine.support.hierarchical.NodeTestTask.lambda$executeRecursively$8(NodeTestTask.java:141)
	at org.junit.platform.engine.support.hierarchical.Node.around(Node.java:137)
	at org.junit.platform.engine.support.hierarchical.NodeTestTask.lambda$executeRecursively$9(NodeTestTask.java:139)
	at org.junit.platform.engine.support.hierarchical.ThrowableCollector.execute(ThrowableCollector.java:73)
	at org.junit.platform.engine.support.hierarchical.NodeTestTask.executeRecursively(NodeTestTask.java:138)
	at org.junit.platform.engine.support.hierarchical.NodeTestTask.execute(NodeTestTask.java:95)
	at java.base/java.util.ArrayList.forEach(ArrayList.java:1596)
	at org.junit.platform.engine.support.hierarchical.SameThreadHierarchicalTestExecutorService.invokeAll(SameThreadHierarchicalTestExecutorService.java:41)
	at org.junit.platform.engine.support.hierarchical.NodeTestTask.lambda$executeRecursively$6(NodeTestTask.java:155)
	at org.junit.platform.engine.support.hierarchical.ThrowableCollector.execute(ThrowableCollector.java:73)
	at org.junit.platform.engine.support.hierarchical.NodeTestTask.lambda$executeRecursively$8(NodeTestTask.java:141)
	at org.junit.platform.engine.support.hierarchical.Node.around(Node.java:137)
	at org.junit.platform.engine.support.hierarchical.NodeTestTask.lambda$executeRecursively$9(NodeTestTask.java:139)
	at org.junit.platform.engine.support.hierarchical.ThrowableCollector.execute(ThrowableCollector.java:73)
	at org.junit.platform.engine.support.hierarchical.NodeTestTask.executeRecursively(NodeTestTask.java:138)
	at org.junit.platform.engine.support.hierarchical.NodeTestTask.execute(NodeTestTask.java:95)
	at java.base/java.util.ArrayList.forEach(ArrayList.java:1596)
	at org.junit.platform.engine.support.hierarchical.SameThreadHierarchicalTestExecutorService.invokeAll(SameThreadHierarchicalTestExecutorService.java:41)
	at org.junit.platform.engine.support.hierarchical.NodeTestTask.lambda$executeRecursively$6(NodeTestTask.java:155)
	at org.junit.platform.engine.support.hierarchical.ThrowableCollector.execute(ThrowableCollector.java:73)
	at org.junit.platform.engine.support.hierarchical.NodeTestTask.lambda$executeRecursively$8(NodeTestTask.java:141)
	at org.junit.platform.engine.support.hierarchical.Node.around(Node.java:137)
	at org.junit.platform.engine.support.hierarchical.NodeTestTask.lambda$executeRecursively$9(NodeTestTask.java:139)
	at org.junit.platform.engine.support.hierarchical.ThrowableCollector.execute(ThrowableCollector.java:73)
	at org.junit.platform.engine.support.hierarchical.NodeTestTask.executeRecursively(NodeTestTask.java:138)
	at org.junit.platform.engine.support.hierarchical.NodeTestTask.execute(NodeTestTask.java:95)
	at org.junit.platform.engine.support.hierarchical.SameThreadHierarchicalTestExecutorService.submit(SameThreadHierarchicalTestExecutorService.java:35)
	at org.junit.platform.engine.support.hierarchical.HierarchicalTestExecutor.execute(HierarchicalTestExecutor.java:57)
	at org.junit.platform.engine.support.hierarchical.HierarchicalTestEngine.execute(HierarchicalTestEngine.java:54)
	at org.junit.platform.launcher.core.EngineExecutionOrchestrator.execute(EngineExecutionOrchestrator.java:198)
	at org.junit.platform.launcher.core.EngineExecutionOrchestrator.execute(EngineExecutionOrchestrator.java:169)
	at org.junit.platform.launcher.core.EngineExecutionOrchestrator.execute(EngineExecutionOrchestrator.java:93)
	at org.junit.platform.launcher.core.EngineExecutionOrchestrator.lambda$execute$0(EngineExecutionOrchestrator.java:58)
	at org.junit.platform.launcher.core.EngineExecutionOrchestrator.withInterceptedStreams(EngineExecutionOrchestrator.java:141)
	at org.junit.platform.launcher.core.EngineExecutionOrchestrator.execute(EngineExecutionOrchestrator.java:57)
	at org.junit.platform.launcher.core.DefaultLauncher.execute(DefaultLauncher.java:103)
	at org.junit.platform.launcher.core.DefaultLauncher.execute(DefaultLauncher.java:85)
	at org.junit.platform.launcher.core.DelegatingLauncher.execute(DelegatingLauncher.java:47)
	at org.apache.maven.surefire.junitplatform.LazyLauncher.execute(LazyLauncher.java:56)
	at org.apache.maven.surefire.junitplatform.JUnitPlatformProvider.execute(JUnitPlatformProvider.java:184)
	at org.apache.maven.surefire.junitplatform.JUnitPlatformProvider.invokeAllTests(JUnitPlatformProvider.java:148)
	at org.apache.maven.surefire.junitplatform.JUnitPlatformProvider.invoke(JUnitPlatformProvider.java:122)
	at org.apache.maven.surefire.booter.ForkedBooter.runSuitesInProcess(ForkedBooter.java:385)
	at org.apache.maven.surefire.booter.ForkedBooter.execute(ForkedBooter.java:162)
	at org.apache.maven.surefire.booter.ForkedBooter.run(ForkedBooter.java:507)
	at org.apache.maven.surefire.booter.ForkedBooter.main(ForkedBooter.java:495)
2026-03-17T17:04:04.177-03:00 INFO  [main] c.f.i.k.TransactionCompletedConsumer - transaction.completed.received correlation_id="d4d10e3a-9d73-4821-ae70-1208b0a08137" event_id="9c89f44c-a16e-4461-9a83-61e9007e9c7a" transaction_id="53edbcb1-f6f3-4b85-8e1b-743f6aabec5e" transfer_status="COMPLETED" deduplication_decision="PENDING"
2026-03-17T17:04:04.183-03:00 INFO  [main] c.f.i.k.TransactionCompletedConsumer - transaction.completed.handled correlation_id="d4d10e3a-9d73-4821-ae70-1208b0a08137" event_id="9c89f44c-a16e-4461-9a83-61e9007e9c7a" transaction_id="53edbcb1-f6f3-4b85-8e1b-743f6aabec5e" transfer_status="COMPLETED" deduplication_decision="DUPLICATE"
]]></system-out>
  </testcase>
  <testcase name="same_event_consumed_twice_is_processed_once" classname="com.fincore.infrastructure.TransactionCompletedConsumerIntegrationTest" time="0.15">
    <system-out><![CDATA[2026-03-17T17:04:04.237-03:00 INFO  [main] c.f.i.service.TransferService - transfer.started correlation_id="ca49f727-55e2-46bf-9168-9000d319d3b4" source_account_id="71d48167-3026-487c-b5c2-833b202a25ef" destination_account_id="ef88401c-d04a-41ae-bbc0-eab61479b613" amount="125" idempotency_key="consumer-f6f73645-8d6a-4630-9766-d94fa1ec6a97" transfer_status="STARTED"
2026-03-17T17:04:04.311-03:00 INFO  [main] c.f.i.service.TransferService - transfer.completed correlation_id="ca49f727-55e2-46bf-9168-9000d319d3b4" transaction_id="bd17b69c-9964-4eca-b882-f81c7784e49b" source_account_id="71d48167-3026-487c-b5c2-833b202a25ef" destination_account_id="ef88401c-d04a-41ae-bbc0-eab61479b613" transfer_status="COMPLETED" idempotent_replay="false"
2026-03-17T17:04:04.319-03:00 INFO  [main] c.f.i.k.TransactionCompletedConsumer - transaction.completed.received correlation_id="ca49f727-55e2-46bf-9168-9000d319d3b4" event_id="4cf3263f-1a04-4b6b-b543-273ed5581eae" transaction_id="bd17b69c-9964-4eca-b882-f81c7784e49b" transfer_status="COMPLETED" deduplication_decision="PENDING"
2026-03-17T17:04:04.329-03:00 INFO  [main] c.f.i.k.TransactionCompletedConsumer - transaction.completed.handled correlation_id="ca49f727-55e2-46bf-9168-9000d319d3b4" event_id="4cf3263f-1a04-4b6b-b543-273ed5581eae" transaction_id="bd17b69c-9964-4eca-b882-f81c7784e49b" transfer_status="COMPLETED" deduplication_decision="PROCESSED"
2026-03-17T17:04:04.334-03:00 INFO  [main] c.f.i.k.TransactionCompletedConsumer - transaction.completed.received correlation_id="ca49f727-55e2-46bf-9168-9000d319d3b4" event_id="4cf3263f-1a04-4b6b-b543-273ed5581eae" transaction_id="bd17b69c-9964-4eca-b882-f81c7784e49b" transfer_status="COMPLETED" deduplication_decision="PENDING"
2026-03-17T17:04:04.339-03:00 INFO  [main] c.f.i.k.TransactionCompletedConsumer - transaction.completed.handled correlation_id="ca49f727-55e2-46bf-9168-9000d319d3b4" event_id="4cf3263f-1a04-4b6b-b543-273ed5581eae" transaction_id="bd17b69c-9964-4eca-b882-f81c7784e49b" transfer_status="COMPLETED" deduplication_decision="DUPLICATE"
]]></system-out>
  </testcase>
</testsuite>