<?xml version="1.0" encoding="UTF-8"?>
<testsuite xmlns:xsi="http://www.w3.org/2001/XMLSchema-instance" xsi:noNamespaceSchemaLocation="https://maven.apache.org/surefire/maven-surefire-plugin/xsd/surefire-test-report-3.0.xsd" version="3.0" name="com.fincore.infrastructure.SecurityIntegrationTest" time="23.886" tests="10" errors="0" skipped="0" failures="0">
  <properties>
[...]
</properties>
  <testcase name="protected_write_endpoint_returns_401_without_auth" classname="com.fincore.infrastructure.SecurityIntegrationTest" time="0.2">
    <system-out><![CDATA[2026-03-17T17:03:32.772-03:00 INFO  [main] o.s.t.c.s.AnnotationConfigContextLoaderUtils - Could not detect default configuration classes for test class [com.fincore.infrastructure.SecurityIntegrationTest]: SecurityIntegrationTest does not declare any static, non-private, non-final, nested classes annotated with @Configuration. 
2026-03-17T17:03:32.806-03:00 INFO  [main] o.s.b.t.c.SpringBootTestContextBootstrapper - Found @SpringBootConfiguration com.fincore.infrastructure.FincoreApplication for test class com.fincore.infrastructure.SecurityIntegrationTest 
2026-03-17T17:03:32.830-03:00 INFO  [main] tc.confluentinc/cp-kafka:7.6.1 - Creating container for image: confluentinc/cp-kafka:7.6.1 
2026-03-17T17:03:33.162-03:00 INFO  [main] tc.confluentinc/cp-kafka:7.6.1 - Container confluentinc/cp-kafka:7.6.1 is starting: e46b7ab928d97372271bfe28eb827d4bbf2370fe660d9e3c0afdd3293e897b8a 
2026-03-17T17:03:44.610-03:00 INFO  [main] tc.confluentinc/cp-kafka:7.6.1 - Container confluentinc/cp-kafka:7.6.1 started in PT11.779271S 
2026-03-17T17:03:44.610-03:00 INFO  [main] tc.postgres:13.10-alpine - Creating container for image: postgres:13.10-alpine 
2026-03-17T17:03:44.775-03:00 INFO  [main] tc.postgres:13.10-alpine - Container postgres:13.10-alpine is starting: 2d3a9d676b89584abe06b0b6c0738379e632385d49361c65e7b853efddccce8c 
2026-03-17T17:03:49.729-03:00 INFO  [main] tc.postgres:13.10-alpine - Container postgres:13.10-alpine started in PT5.1185524S 
2026-03-17T17:03:49.730-03:00 INFO  [main] tc.postgres:13.10-alpine - Container is started (JDBC URL: jdbc:postgresql://localhost:52788/fincore?loggerLevel=OFF) 

  .   ____          _            __ _ _
 /\\ / ___'_ __ _ _(_)_ __  __ _ \ \ \ \
( ( )\___ | '_ | '_| | '_ \/ _` | \ \ \ \
 \\/  ___)| |_)| | | | | || (_| |  ) ) ) )
  '  |____| .__|_| |_|_| |_\__, | / / / /
 =========|_|==============|___/=/_/_/_/

 :: Spring Boot ::                (v3.3.4)

2026-03-17T17:03:49.812-03:00 INFO  [main] c.f.i.SecurityIntegrationTest - Starting SecurityIntegrationTest using Java 21.0.10 with PID 30796 (started by vitor in C:\Users\vitor\OneDrive\Documentos\Playground\fincore\infrastructure) 
2026-03-17T17:03:49.812-03:00 INFO  [main] c.f.i.SecurityIntegrationTest - No active profile set, falling back to 1 default profile: "local" 
2026-03-17T17:03:50.683-03:00 INFO  [main] o.s.d.r.c.RepositoryConfigurationDelegate - Bootstrapping Spring Data JPA repositories in DEFAULT mode. 
2026-03-17T17:03:50.750-03:00 INFO  [main] o.s.d.r.c.RepositoryConfigurationDelegate - Finished Spring Data repository scanning in 66 ms. Found 6 JPA repository interfaces. 
2026-03-17T17:03:51.117-03:00 INFO  [main] com.zaxxer.hikari.HikariDataSource - HikariPool-3 - Starting... 
2026-03-17T17:03:51.170-03:00 INFO  [main] com.zaxxer.hikari.pool.HikariPool - HikariPool-3 - Added connection org.postgresql.jdbc.PgConnection@6c4adb44 
2026-03-17T17:03:51.170-03:00 INFO  [main] com.zaxxer.hikari.HikariDataSource - HikariPool-3 - Start completed. 
2026-03-17T17:03:51.178-03:00 INFO  [main] org.flywaydb.core.FlywayExecutor - Database: jdbc:postgresql://localhost:52788/fincore (PostgreSQL 13.10) 
2026-03-17T17:03:51.227-03:00 INFO  [main] o.f.c.i.s.JdbcTableSchemaHistory - Schema history table "public"."flyway_schema_history" does not exist yet 
2026-03-17T17:03:51.230-03:00 INFO  [main] o.f.core.internal.command.DbValidate - Successfully validated 4 migrations (execution time 00:00.020s) 
2026-03-17T17:03:51.269-03:00 INFO  [main] o.f.c.i.s.JdbcTableSchemaHistory - Creating Schema History table "public"."flyway_schema_history" ... 
2026-03-17T17:03:51.346-03:00 INFO  [main] o.f.core.internal.command.DbMigrate - Current version of schema "public": << Empty Schema >> 
2026-03-17T17:03:51.366-03:00 INFO  [main] o.f.core.internal.command.DbMigrate - Migrating schema "public" to version "1 - init" 
2026-03-17T17:03:51.534-03:00 INFO  [main] o.f.core.internal.command.DbMigrate - Migrating schema "public" to version "2 - processed events" 
2026-03-17T17:03:51.584-03:00 INFO  [main] o.f.core.internal.command.DbMigrate - Migrating schema "public" to version "3 - outbox correlation id" 
2026-03-17T17:03:51.631-03:00 INFO  [main] o.f.core.internal.command.DbMigrate - Migrating schema "public" to version "4 - audit logs" 
2026-03-17T17:03:51.671-03:00 INFO  [main] o.f.core.internal.command.DbMigrate - Successfully applied 4 migrations to schema "public", now at version v4 (execution time 00:00.170s) 
2026-03-17T17:03:51.744-03:00 INFO  [main] o.h.jpa.internal.util.LogHelper - HHH000204: Processing PersistenceUnitInfo [name: default] 
2026-03-17T17:03:51.752-03:00 INFO  [main] o.h.c.i.RegionFactoryInitiator - HHH000026: Second-level cache disabled 
2026-03-17T17:03:51.786-03:00 INFO  [main] o.s.o.j.p.SpringPersistenceUnitInfo - No LoadTimeWeaver setup: ignoring JPA class transformer 
2026-03-17T17:03:52.131-03:00 INFO  [main] o.h.e.t.j.p.i.JtaPlatformInitiator - HHH000489: No JTA platform available (set 'hibernate.transaction.jta.platform' to enable JTA platform integration) 
2026-03-17T17:03:52.188-03:00 INFO  [main] o.s.o.j.LocalContainerEntityManagerFactoryBean - Initialized JPA EntityManagerFactory for persistence unit 'default' 
2026-03-17T17:03:53.056-03:00 INFO  [main] o.s.s.c.a.a.c.InitializeUserDetailsBeanManagerConfigurer$InitializeUserDetailsManagerConfigurer - Global AuthenticationManager configured with UserDetailsService bean with name userDetailsService 
2026-03-17T17:03:53.281-03:00 INFO  [main] o.s.b.a.e.web.EndpointLinksResolver - Exposing 2 endpoints beneath base path '/actuator' 
2026-03-17T17:03:53.778-03:00 INFO  [main] o.s.b.t.m.w.SpringBootMockServletContext - Initializing Spring TestDispatcherServlet '' 
2026-03-17T17:03:53.779-03:00 INFO  [main] o.s.t.w.s.TestDispatcherServlet - Initializing Servlet '' 
2026-03-17T17:03:53.780-03:00 INFO  [main] o.s.t.w.s.TestDispatcherServlet - Completed initialization in 1 ms 
2026-03-17T17:03:53.857-03:00 INFO  [main] c.f.i.SecurityIntegrationTest - Started SecurityIntegrationTest in 4.107 seconds (process running for 73.549) 
]]></system-out>
  </testcase>
  <testcase name="readiness_and_liveness_probes_are_public_and_up" classname="com.fincore.infrastructure.SecurityIntegrationTest" time="0.17">
    <system-out><![CDATA[2026-03-17T17:03:54.111-03:00 INFO  [main] o.a.k.c.admin.AdminClientConfig - AdminClientConfig values: 
	auto.include.jmx.reporter = true
	bootstrap.controllers = []
	bootstrap.servers = [PLAINTEXT://localhost:62340]
	client.dns.lookup = use_all_dns_ips
	client.id = 
	connections.max.idle.ms = 300000
	default.api.timeout.ms = 60000
	enable.metrics.push = true
	metadata.max.age.ms = 300000
	metric.reporters = []
	metrics.num.samples = 2
	metrics.recording.level = INFO
	metrics.sample.window.ms = 30000
	receive.buffer.bytes = 65536
	reconnect.backoff.max.ms = 1000
	reconnect.backoff.ms = 50
	request.timeout.ms = 30000
	retries = 2147483647
	retry.backoff.max.ms = 1000
	retry.backoff.ms = 100
	sasl.client.callback.handler.class = null
	sasl.jaas.config = null
	sasl.kerberos.kinit.cmd = /usr/bin/kinit
	sasl.kerberos.min.time.before.relogin = 60000
	sasl.kerberos.service.name = null
	sasl.kerberos.ticket.renew.jitter = 0.05
	sasl.kerberos.ticket.renew.window.factor = 0.8
	sasl.login.callback.handler.class = null
	sasl.login.class = null
	sasl.login.connect.timeout.ms = null
	sasl.login.read.timeout.ms = null
	sasl.login.refresh.buffer.seconds = 300
	sasl.login.refresh.min.period.seconds = 60
	sasl.login.refresh.window.factor = 0.8
	sasl.login.refresh.window.jitter = 0.05
	sasl.login.retry.backoff.max.ms = 10000
	sasl.login.retry.backoff.ms = 100
	sasl.mechanism = GSSAPI
	sasl.oauthbearer.clock.skew.seconds = 30
	sasl.oauthbearer.expected.audience = null
	sasl.oauthbearer.expected.issuer = null
	sasl.oauthbearer.jwks.endpoint.refresh.ms = 3600000
	sasl.oauthbearer.jwks.endpoint.retry.backoff.max.ms = 10000
	sasl.oauthbearer.jwks.endpoint.retry.backoff.ms = 100
	sasl.oauthbearer.jwks.endpoint.url = null
	sasl.oauthbearer.scope.claim.name = scope
	sasl.oauthbearer.sub.claim.name = sub
	sasl.oauthbearer.token.endpoint.url = null
	security.protocol = PLAINTEXT
	security.providers = null
	send.buffer.bytes = 131072
	socket.connection.setup.timeout.max.ms = 30000
	socket.connection.setup.timeout.ms = 10000
	ssl.cipher.suites = null
	ssl.enabled.protocols = [TLSv1.2, TLSv1.3]
	ssl.endpoint.identification.algorithm = https
	ssl.engine.factory.class = null
	ssl.key.password = null
	ssl.keymanager.algorithm = SunX509
	ssl.keystore.certificate.chain = null
	ssl.keystore.key = null
	ssl.keystore.location = null
	ssl.keystore.password = null
	ssl.keystore.type = JKS
	ssl.protocol = TLSv1.3
	ssl.provider = null
	ssl.secure.random.implementation = null
	ssl.trustmanager.algorithm = PKIX
	ssl.truststore.certificates = null
	ssl.truststore.location = null
	ssl.truststore.password = null
	ssl.truststore.type = JKS
 
2026-03-17T17:03:54.125-03:00 INFO  [main] o.a.kafka.common.utils.AppInfoParser - Kafka version: 3.7.1 
2026-03-17T17:03:54.126-03:00 INFO  [main] o.a.kafka.common.utils.AppInfoParser - Kafka commitId: e2494e6ffb89f828 
2026-03-17T17:03:54.126-03:00 INFO  [main] o.a.kafka.common.utils.AppInfoParser - Kafka startTimeMs: 1773777834125 
2026-03-17T17:03:54.227-03:00 INFO  [kafka-admin-client-thread | adminclient-3] o.a.kafka.common.utils.AppInfoParser - App info kafka.admin.client for adminclient-3 unregistered 
2026-03-17T17:03:54.233-03:00 INFO  [kafka-admin-client-thread | adminclient-3] o.a.kafka.common.metrics.Metrics - Metrics scheduler closed 
2026-03-17T17:03:54.233-03:00 INFO  [kafka-admin-client-thread | adminclient-3] o.a.kafka.common.metrics.Metrics - Closing reporter org.apache.kafka.common.metrics.JmxReporter 
2026-03-17T17:03:54.233-03:00 INFO  [kafka-admin-client-thread | adminclient-3] o.a.kafka.common.metrics.Metrics - Metrics reporters closed 
]]></system-out>
  </testcase>
  <testcase name="invalid_api_key_is_rejected_with_401" classname="com.fincore.infrastructure.SecurityIntegrationTest" time="0.027"/>
  <testcase name="write_requests_within_rate_limit_are_allowed" classname="com.fincore.infrastructure.SecurityIntegrationTest" time="0.103"/>
  <testcase name="health_endpoint_is_public" classname="com.fincore.infrastructure.SecurityIntegrationTest" time="0.081">
    <system-out><![CDATA[2026-03-17T17:03:54.412-03:00 INFO  [main] o.a.k.c.admin.AdminClientConfig - AdminClientConfig values: 
	auto.include.jmx.reporter = true
	bootstrap.controllers = []
	bootstrap.servers = [PLAINTEXT://localhost:62340]
	client.dns.lookup = use_all_dns_ips
	client.id = 
	connections.max.idle.ms = 300000
	default.api.timeout.ms = 60000
	enable.metrics.push = true
	metadata.max.age.ms = 300000
	metric.reporters = []
	metrics.num.samples = 2
	metrics.recording.level = INFO
	metrics.sample.window.ms = 30000
	receive.buffer.bytes = 65536
	reconnect.backoff.max.ms = 1000
	reconnect.backoff.ms = 50
	request.timeout.ms = 30000
	retries = 2147483647
	retry.backoff.max.ms = 1000
	retry.backoff.ms = 100
	sasl.client.callback.handler.class = null
	sasl.jaas.config = null
	sasl.kerberos.kinit.cmd = /usr/bin/kinit
	sasl.kerberos.min.time.before.relogin = 60000
	sasl.kerberos.service.name = null
	sasl.kerberos.ticket.renew.jitter = 0.05
	sasl.kerberos.ticket.renew.window.factor = 0.8
	sasl.login.callback.handler.class = null
	sasl.login.class = null
	sasl.login.connect.timeout.ms = null
	sasl.login.read.timeout.ms = null
	sasl.login.refresh.buffer.seconds = 300
	sasl.login.refresh.min.period.seconds = 60
	sasl.login.refresh.window.factor = 0.8
	sasl.login.refresh.window.jitter = 0.05
	sasl.login.retry.backoff.max.ms = 10000
	sasl.login.retry.backoff.ms = 100
	sasl.mechanism = GSSAPI
	sasl.oauthbearer.clock.skew.seconds = 30
	sasl.oauthbearer.expected.audience = null
	sasl.oauthbearer.expected.issuer = null
	sasl.oauthbearer.jwks.endpoint.refresh.ms = 3600000
	sasl.oauthbearer.jwks.endpoint.retry.backoff.max.ms = 10000
	sasl.oauthbearer.jwks.endpoint.retry.backoff.ms = 100
	sasl.oauthbearer.jwks.endpoint.url = null
	sasl.oauthbearer.scope.claim.name = scope
	sasl.oauthbearer.sub.claim.name = sub
	sasl.oauthbearer.token.endpoint.url = null
	security.protocol = PLAINTEXT
	security.providers = null
	send.buffer.bytes = 131072
	socket.connection.setup.timeout.max.ms = 30000
	socket.connection.setup.timeout.ms = 10000
	ssl.cipher.suites = null
	ssl.enabled.protocols = [TLSv1.2, TLSv1.3]
	ssl.endpoint.identification.algorithm = https
	ssl.engine.factory.class = null
	ssl.key.password = null
	ssl.keymanager.algorithm = SunX509
	ssl.keystore.certificate.chain = null
	ssl.keystore.key = null
	ssl.keystore.location = null
	ssl.keystore.password = null
	ssl.keystore.type = JKS
	ssl.protocol = TLSv1.3
	ssl.provider = null
	ssl.secure.random.implementation = null
	ssl.trustmanager.algorithm = PKIX
	ssl.truststore.certificates = null
	ssl.truststore.location = null
	ssl.truststore.password = null
	ssl.truststore.type = JKS
 
2026-03-17T17:03:54.418-03:00 INFO  [main] o.a.kafka.common.utils.AppInfoParser - Kafka version: 3.7.1 
2026-03-17T17:03:54.418-03:00 INFO  [main] o.a.kafka.common.utils.AppInfoParser - Kafka commitId: e2494e6ffb89f828 
2026-03-17T17:03:54.418-03:00 INFO  [main] o.a.kafka.common.utils.AppInfoParser - Kafka startTimeMs: 1773777834418 
2026-03-17T17:03:54.450-03:00 INFO  [kafka-admin-client-thread | adminclient-4] o.a.kafka.common.utils.AppInfoParser - App info kafka.admin.client for adminclient-4 unregistered 
2026-03-17T17:03:54.456-03:00 INFO  [kafka-admin-client-thread | adminclient-4] o.a.kafka.common.metrics.Metrics - Metrics scheduler closed 
2026-03-17T17:03:54.456-03:00 INFO  [kafka-admin-client-thread | adminclient-4] o.a.kafka.common.metrics.Metrics - Closing reporter org.apache.kafka.common.metrics.JmxReporter 
2026-03-17T17:03:54.456-03:00 INFO  [kafka-admin-client-thread | adminclient-4] o.a.kafka.common.metrics.Metrics - Metrics reporters closed 
]]></system-out>
  </testcase>
  <testcase name="read_only_api_key_is_forbidden_on_write_endpoint" classname="com.fincore.infrastructure.SecurityIntegrationTest" time="0.023"/>
  <testcase name="openapi_endpoints_are_public" classname="com.fincore.infrastructure.SecurityIntegrationTest" time="0.646">
    <system-out><![CDATA[2026-03-17T17:03:55.046-03:00 INFO  [main] o.s.api.AbstractOpenApiResource - Init duration for springdoc-openapi is: 510 ms 
]]></system-out>
  </testcase>
  <testcase name="write_requests_over_rate_limit_return_429" classname="com.fincore.infrastructure.SecurityIntegrationTest" time="0.105">
    <system-out><![CDATA[2026-03-17T17:03:55.234-03:00 WARN  [main] c.f.i.s.WriteRateLimitingFilter - write.request.rate_limited path="/accounts" rate_limit_key="api-key:test-write-key" retry_after_seconds="5"
]]></system-out>
  </testcase>
  <testcase name="protected_write_endpoint_allows_valid_api_key" classname="com.fincore.infrastructure.SecurityIntegrationTest" time="0.06"/>
  <testcase name="local_funding_endpoint_requires_write_authority" classname="com.fincore.infrastructure.SecurityIntegrationTest" time="0.2"/>
</testsuite>